This file contains any messages produced by compilers while
running configure, to aid debugging if configure makes a mistake.

It was created by CoreNetLib configure 1.0, which was
generated by GNU Autoconf 2.71.  Invocation command line was

  $ ./configure

## --------- ##
## Platform. ##
## --------- ##

hostname = runnervmf2e7y
uname -m = x86_64
uname -r = 6.11.0-1018-azure
uname -s = Linux
uname -v = #18~24.04.1-Ubuntu SMP Sat Jun 28 04:46:03 UTC 2025

/usr/bin/uname -p = x86_64
/bin/uname -X     = unknown

/bin/arch              = x86_64
/usr/bin/arch -k       = unknown
/usr/convex/getsysinfo = unknown
/usr/bin/hostinfo      = unknown
/bin/machine           = unknown
/usr/bin/oslevel       = unknown
/bin/universe          = unknown

PATH: /snap/bin/
PATH: /home/runner/.local/bin/
PATH: /opt/pipx_bin/
PATH: /home/runner/.cargo/bin/
PATH: /home/runner/.config/composer/vendor/bin/
PATH: /usr/local/.ghcup/bin/
PATH: /home/runner/.dotnet/tools/
PATH: /usr/local/sbin/
PATH: /usr/local/bin/
PATH: /usr/sbin/
PATH: /usr/bin/
PATH: /sbin/
PATH: /bin/
PATH: /usr/games/
PATH: /usr/local/games/
PATH: /snap/bin/


## ----------- ##
## Core tests. ##
## ----------- ##

configure:2746: looking for aux files: compile config.guess config.sub ltmain.sh missing install-sh
configure:2759:  trying ./cfg/
configure:2788:   ./cfg/compile found
configure:2788:   ./cfg/config.guess found
configure:2788:   ./cfg/config.sub found
configure:2788:   ./cfg/ltmain.sh found
configure:2788:   ./cfg/missing found
configure:2770:   ./cfg/install-sh found
configure:2919: checking for a BSD-compatible install
configure:2992: result: /usr/bin/install -c
configure:3003: checking whether build environment is sane
configure:3058: result: yes
configure:3217: checking for a race-free mkdir -p
configure:3261: result: /usr/bin/mkdir -p
configure:3268: checking for gawk
configure:3289: found /usr/bin/gawk
configure:3300: result: gawk
configure:3311: checking whether make sets $(MAKE)
configure:3334: result: yes
configure:3364: checking whether make supports nested variables
configure:3382: result: yes
configure:3579: checking build system type
configure:3594: result: x86_64-pc-linux-gnu
configure:3614: checking host system type
configure:3628: result: x86_64-pc-linux-gnu
configure:3669: checking how to print strings
configure:3696: result: printf
configure:3730: checking whether make supports the include directive
configure:3745: make -f confmf.GNU && cat confinc.out
this is the am__doit target
configure:3748: $? = 0
configure:3767: result: yes (GNU style)
configure:3843: checking for gcc
configure:3864: found /usr/bin/gcc
configure:3875: result: gcc
configure:4228: checking for C compiler version
configure:4237: gcc --version >&5
gcc (Ubuntu 13.3.0-6ubuntu2~24.04) 13.3.0
Copyright (C) 2023 Free Software Foundation, Inc.
This is free software; see the source for copying conditions.  There is NO
warranty; not even for MERCHANTABILITY or FITNESS FOR A PARTICULAR PURPOSE.

configure:4248: $? = 0
configure:4237: gcc -v >&5
Using built-in specs.
COLLECT_GCC=gcc
COLLECT_LTO_WRAPPER=/usr/libexec/gcc/x86_64-linux-gnu/13/lto-wrapper
OFFLOAD_TARGET_NAMES=nvptx-none:amdgcn-amdhsa
OFFLOAD_TARGET_DEFAULT=1
Target: x86_64-linux-gnu
Configured with: ../src/configure -v --with-pkgversion='Ubuntu 13.3.0-6ubuntu2~24.04' --with-bugurl=file:///usr/share/doc/gcc-13/README.Bugs --enable-languages=c,ada,c++,go,d,fortran,objc,obj-c++,m2 --prefix=/usr --with-gcc-major-version-only --program-suffix=-13 --program-prefix=x86_64-linux-gnu- --enable-shared --enable-linker-build-id --libexecdir=/usr/libexec --without-included-gettext --enable-threads=posix --libdir=/usr/lib --enable-nls --enable-bootstrap --enable-clocale=gnu --enable-libstdcxx-debug --enable-libstdcxx-time=yes --with-default-libstdcxx-abi=new --enable-libstdcxx-backtrace --enable-gnu-unique-object --disable-vtable-verify --enable-plugin --enable-default-pie --with-system-zlib --enable-libphobos-checking=release --with-target-system-zlib=auto --enable-objc-gc=auto --enable-multiarch --disable-werror --enable-cet --with-arch-32=i686 --with-abi=m64 --with-multilib-list=m32,m64,mx32 --enable-multilib --with-tune=generic --enable-offload-targets=nvptx-none=/build/gcc-13-fG75Ri/gcc-13-13.3.0/debian/tmp-nvptx/usr,amdgcn-amdhsa=/build/gcc-13-fG75Ri/gcc-13-13.3.0/debian/tmp-gcn/usr --enable-offload-defaulted --without-cuda-driver --enable-checking=release --build=x86_64-linux-gnu --host=x86_64-linux-gnu --target=x86_64-linux-gnu --with-build-config=bootstrap-lto-lean --enable-link-serialization=2
Thread model: posix
Supported LTO compression algorithms: zlib zstd
gcc version 13.3.0 (Ubuntu 13.3.0-6ubuntu2~24.04) 
... rest of stderr output deleted ...
configure:4248: $? = 0
configure:4237: gcc -V >&5
gcc: error: unrecognized command-line option '-V'
gcc: fatal error: no input files
compilation terminated.
configure:4248: $? = 1
configure:4237: gcc -qversion >&5
gcc: error: unrecognized command-line option '-qversion'; did you mean '--version'?
gcc: fatal error: no input files
compilation terminated.
configure:4248: $? = 1
configure:4237: gcc -version >&5
gcc: error: unrecognized command-line option '-version'
gcc: fatal error: no input files
compilation terminated.
configure:4248: $? = 1
configure:4268: checking whether the C compiler works
configure:4290: gcc    conftest.c  >&5
configure:4294: $? = 0
configure:4344: result: yes
configure:4347: checking for C compiler default output file name
configure:4349: result: a.out
configure:4355: checking for suffix of executables
configure:4362: gcc -o conftest    conftest.c  >&5
configure:4366: $? = 0
configure:4389: result: 
configure:4411: checking whether we are cross compiling
configure:4419: gcc -o conftest    conftest.c  >&5
configure:4423: $? = 0
configure:4430: ./conftest
configure:4434: $? = 0
configure:4449: result: no
configure:4454: checking for suffix of object files
configure:4477: gcc -c   conftest.c >&5
configure:4481: $? = 0
configure:4503: result: o
configure:4507: checking whether the compiler supports GNU C
configure:4527: gcc -c   conftest.c >&5
configure:4527: $? = 0
configure:4537: result: yes
configure:4548: checking whether gcc accepts -g
configure:4569: gcc -c -g  conftest.c >&5
configure:4569: $? = 0
configure:4613: result: yes
configure:4633: checking for gcc option to enable C11 features
configure:4648: gcc  -c -g -O2  conftest.c >&5
configure:4648: $? = 0
configure:4666: result: none needed
configure:4782: checking whether gcc understands -c and -o together
configure:4805: gcc -c conftest.c -o conftest2.o
configure:4808: $? = 0
configure:4805: gcc -c conftest.c -o conftest2.o
configure:4808: $? = 0
configure:4820: result: yes
configure:4839: checking dependency style of gcc
configure:4951: result: gcc3
configure:4966: checking for a sed that does not truncate output
configure:5036: result: /usr/bin/sed
configure:5054: checking for grep that handles long lines and -e
configure:5118: result: /usr/bin/grep
configure:5123: checking for egrep
configure:5191: result: /usr/bin/grep -E
configure:5196: checking for fgrep
configure:5264: result: /usr/bin/grep -F
configure:5300: checking for ld used by gcc
configure:5368: result: /usr/bin/ld
configure:5375: checking if the linker (/usr/bin/ld) is GNU ld
configure:5391: result: yes
configure:5403: checking for BSD- or MS-compatible name lister (nm)
configure:5458: result: /usr/bin/nm -B
configure:5598: checking the name lister (/usr/bin/nm -B) interface
configure:5606: gcc -c -g -O2  conftest.c >&5
configure:5609: /usr/bin/nm -B "conftest.o"
configure:5612: output
0000000000000000 B some_variable
configure:5619: result: BSD nm
configure:5622: checking whether ln -s works
configure:5626: result: yes
configure:5634: checking the maximum length of command line arguments
configure:5766: result: 3145728
configure:5814: checking how to convert x86_64-pc-linux-gnu file names to x86_64-pc-linux-gnu format
configure:5855: result: func_convert_file_noop
configure:5862: checking how to convert x86_64-pc-linux-gnu file names to toolchain format
configure:5883: result: func_convert_file_noop
configure:5890: checking for /usr/bin/ld option to reload object files
configure:5898: result: -r
configure:5977: checking for file
configure:5998: found /usr/bin/file
configure:6009: result: file
configure:6085: checking for objdump
configure:6106: found /usr/bin/objdump
configure:6117: result: objdump
configure:6149: checking how to recognize dependent libraries
configure:6350: result: pass_all
configure:6440: checking for dlltool
configure:6475: result: no
configure:6505: checking how to associate runtime and link libraries
configure:6533: result: printf %s\n
configure:6599: checking for ar
configure:6620: found /usr/bin/ar
configure:6631: result: ar
configure:6684: checking for archiver @FILE support
configure:6702: gcc -c -g -O2  conftest.c >&5
configure:6702: $? = 0
configure:6706: ar cr libconftest.a @conftest.lst >&5
configure:6709: $? = 0
configure:6714: ar cr libconftest.a @conftest.lst >&5
ar: conftest.o: No such file or directory
configure:6717: $? = 1
configure:6729: result: @
configure:6792: checking for strip
configure:6813: found /usr/bin/strip
configure:6824: result: strip
configure:6901: checking for ranlib
configure:6922: found /usr/bin/ranlib
configure:6933: result: ranlib
configure:7035: checking command to parse /usr/bin/nm -B output from gcc object
configure:7189: gcc -c -g -O2  conftest.c >&5
configure:7192: $? = 0
configure:7196: /usr/bin/nm -B conftest.o | /usr/bin/sed -n -e 's/^.*[	 ]\([ABCDGIRSTW][ABCDGIRSTW]*\)[	 ][	 ]*\([_A-Za-z][_A-Za-z0-9]*\)$/\1 \2 \2/p' | /usr/bin/sed '/ __gnu_lto/d' > conftest.nm
configure:7262: gcc -o conftest -g -O2   conftest.c conftstm.o >&5
configure:7265: $? = 0
configure:7303: result: ok
configure:7350: checking for sysroot
configure:7381: result: no
configure:7388: checking for a working dd
configure:7432: result: /usr/bin/dd
configure:7436: checking how to truncate binary pipes
configure:7452: result: /usr/bin/dd bs=4096 count=1
configure:7589: gcc -c -g -O2  conftest.c >&5
configure:7592: $? = 0
configure:7789: checking for mt
configure:7810: found /usr/bin/mt
configure:7821: result: mt
configure:7844: checking if mt is a manifest tool
configure:7851: mt '-?'
configure:7859: result: no
configure:8584: checking for stdio.h
configure:8584: gcc -c -g -O2  conftest.c >&5
configure:8584: $? = 0
configure:8584: result: yes
configure:8584: checking for stdlib.h
configure:8584: gcc -c -g -O2  conftest.c >&5
configure:8584: $? = 0
configure:8584: result: yes
configure:8584: checking for string.h
configure:8584: gcc -c -g -O2  conftest.c >&5
configure:8584: $? = 0
configure:8584: result: yes
configure:8584: checking for inttypes.h
configure:8584: gcc -c -g -O2  conftest.c >&5
configure:8584: $? = 0
configure:8584: result: yes
configure:8584: checking for stdint.h
configure:8584: gcc -c -g -O2  conftest.c >&5
configure:8584: $? = 0
configure:8584: result: yes
configure:8584: checking for strings.h
configure:8584: gcc -c -g -O2  conftest.c >&5
configure:8584: $? = 0
configure:8584: result: yes
configure:8584: checking for sys/stat.h
configure:8584: gcc -c -g -O2  conftest.c >&5
configure:8584: $? = 0
configure:8584: result: yes
configure:8584: checking for sys/types.h
configure:8584: gcc -c -g -O2  conftest.c >&5
configure:8584: $? = 0
configure:8584: result: yes
configure:8584: checking for unistd.h
configure:8584: gcc -c -g -O2  conftest.c >&5
configure:8584: $? = 0
configure:8584: result: yes
configure:8609: checking for dlfcn.h
configure:8609: gcc -c -g -O2  conftest.c >&5
configure:8609: $? = 0
configure:8609: result: yes
configure:8868: checking for objdir
configure:8884: result: .libs
configure:9148: checking if gcc supports -fno-rtti -fno-exceptions
configure:9167: gcc -c -g -O2  -fno-rtti -fno-exceptions conftest.c >&5
cc1: warning: command-line option '-fno-rtti' is valid for C++/D/ObjC++ but not for C
configure:9171: $? = 0
configure:9184: result: no
configure:9548: checking for gcc option to produce PIC
configure:9556: result: -fPIC -DPIC
configure:9564: checking if gcc PIC flag -fPIC -DPIC works
configure:9583: gcc -c -g -O2  -fPIC -DPIC -DPIC conftest.c >&5
configure:9587: $? = 0
configure:9600: result: yes
configure:9629: checking if gcc static flag -static works
configure:9658: result: yes
configure:9673: checking if gcc supports -c -o file.o
configure:9695: gcc -c -g -O2  -o out/conftest2.o conftest.c >&5
configure:9699: $? = 0
configure:9721: result: yes
configure:9729: checking if gcc supports -c -o file.o
configure:9777: result: yes
configure:9810: checking whether the gcc linker (/usr/bin/ld -m elf_x86_64) supports shared libraries
configure:11084: result: yes
configure:11121: checking whether -lc should be explicitly linked in
configure:11130: gcc -c -g -O2  conftest.c >&5
configure:11133: $? = 0
configure:11148: gcc -shared  -fPIC -DPIC conftest.o  -v -Wl,-soname -Wl,conftest -o conftest 2\>\&1 \| /usr/bin/grep  -lc  \>/dev/null 2\>\&1
configure:11151: $? = 0
configure:11165: result: no
configure:11325: checking dynamic linker characteristics
configure:11907: gcc -o conftest -g -O2   -Wl,-rpath -Wl,/foo conftest.c  >&5
configure:11907: $? = 0
configure:12158: result: GNU/Linux ld.so
configure:12280: checking how to hardcode library paths into programs
configure:12305: result: immediate
configure:12857: checking whether stripping libraries is possible
configure:12866: result: yes
configure:12908: checking if libtool supports shared libraries
configure:12910: result: yes
configure:12913: checking whether to build shared libraries
configure:12938: result: yes
configure:12941: checking whether to build static libraries
configure:12945: result: yes
configure:13029: checking whether make supports nested variables
configure:13047: result: yes
configure:13129: checking for g++
configure:13150: found /usr/bin/g++
configure:13161: result: g++
configure:13188: checking for C++ compiler version
configure:13197: g++ --version >&5
g++ (Ubuntu 13.3.0-6ubuntu2~24.04) 13.3.0
Copyright (C) 2023 Free Software Foundation, Inc.
This is free software; see the source for copying conditions.  There is NO
warranty; not even for MERCHANTABILITY or FITNESS FOR A PARTICULAR PURPOSE.

configure:13208: $? = 0
configure:13197: g++ -v >&5
Using built-in specs.
COLLECT_GCC=g++
COLLECT_LTO_WRAPPER=/usr/libexec/gcc/x86_64-linux-gnu/13/lto-wrapper
OFFLOAD_TARGET_NAMES=nvptx-none:amdgcn-amdhsa
OFFLOAD_TARGET_DEFAULT=1
Target: x86_64-linux-gnu
Configured with: ../src/configure -v --with-pkgversion='Ubuntu 13.3.0-6ubuntu2~24.04' --with-bugurl=file:///usr/share/doc/gcc-13/README.Bugs --enable-languages=c,ada,c++,go,d,fortran,objc,obj-c++,m2 --prefix=/usr --with-gcc-major-version-only --program-suffix=-13 --program-prefix=x86_64-linux-gnu- --enable-shared --enable-linker-build-id --libexecdir=/usr/libexec --without-included-gettext --enable-threads=posix --libdir=/usr/lib --enable-nls --enable-bootstrap --enable-clocale=gnu --enable-libstdcxx-debug --enable-libstdcxx-time=yes --with-default-libstdcxx-abi=new --enable-libstdcxx-backtrace --enable-gnu-unique-object --disable-vtable-verify --enable-plugin --enable-default-pie --with-system-zlib --enable-libphobos-checking=release --with-target-system-zlib=auto --enable-objc-gc=auto --enable-multiarch --disable-werror --enable-cet --with-arch-32=i686 --with-abi=m64 --with-multilib-list=m32,m64,mx32 --enable-multilib --with-tune=generic --enable-offload-targets=nvptx-none=/build/gcc-13-fG75Ri/gcc-13-13.3.0/debian/tmp-nvptx/usr,amdgcn-amdhsa=/build/gcc-13-fG75Ri/gcc-13-13.3.0/debian/tmp-gcn/usr --enable-offload-defaulted --without-cuda-driver --enable-checking=release --build=x86_64-linux-gnu --host=x86_64-linux-gnu --target=x86_64-linux-gnu --with-build-config=bootstrap-lto-lean --enable-link-serialization=2
Thread model: posix
Supported LTO compression algorithms: zlib zstd
gcc version 13.3.0 (Ubuntu 13.3.0-6ubuntu2~24.04) 
... rest of stderr output deleted ...
configure:13208: $? = 0
configure:13197: g++ -V >&5
g++: error: unrecognized command-line option '-V'
g++: fatal error: no input files
compilation terminated.
configure:13208: $? = 1
configure:13197: g++ -qversion >&5
g++: error: unrecognized command-line option '-qversion'; did you mean '--version'?
g++: fatal error: no input files
compilation terminated.
configure:13208: $? = 1
configure:13212: checking whether the compiler supports GNU C++
configure:13232: g++ -c   conftest.cpp >&5
configure:13232: $? = 0
configure:13242: result: yes
configure:13253: checking whether g++ accepts -g
configure:13274: g++ -c -g  conftest.cpp >&5
configure:13274: $? = 0
configure:13318: result: yes
configure:13338: checking for g++ option to enable C++11 features
configure:13353: g++  -c -g -O2  conftest.cpp >&5
conftest.cpp: In function 'int main(int, char**)':
conftest.cpp:189:25: warning: empty parentheses were disambiguated as a function declaration [-Wvexing-parse]
  189 |   cxx11test::delegate d2();
      |                         ^~
conftest.cpp:189:25: note: remove parentheses to default-initialize a variable
  189 |   cxx11test::delegate d2();
      |                         ^~
      |                         --
conftest.cpp:189:25: note: or replace parentheses with braces to value-initialize a variable
configure:13353: $? = 0
configure:13371: result: none needed
configure:13437: checking dependency style of g++
configure:13549: result: gcc3
configure:13582: checking how to run the C++ preprocessor
configure:13604: g++ -E  conftest.cpp
configure:13604: $? = 0
configure:13619: g++ -E  conftest.cpp
conftest.cpp:23:10: fatal error: ac_nonexistent.h: No such file or directory
   23 | #include <ac_nonexistent.h>
      |          ^~~~~~~~~~~~~~~~~~
compilation terminated.
configure:13619: $? = 1
configure: failed program was:
| /* confdefs.h */
| #define PACKAGE_NAME "CoreNetLib"
| #define PACKAGE_TARNAME "corenetlib"
| #define PACKAGE_VERSION "1.0"
| #define PACKAGE_STRING "CoreNetLib 1.0"
| #define PACKAGE_BUGREPORT "veeraputhiran_thangavel@comcast.com"
| #define PACKAGE_URL ""
| #define PACKAGE "corenetlib"
| #define VERSION "1.0"
| #define HAVE_STDIO_H 1
| #define HAVE_STDLIB_H 1
| #define HAVE_STRING_H 1
| #define HAVE_INTTYPES_H 1
| #define HAVE_STDINT_H 1
| #define HAVE_STRINGS_H 1
| #define HAVE_SYS_STAT_H 1
| #define HAVE_SYS_TYPES_H 1
| #define HAVE_UNISTD_H 1
| #define STDC_HEADERS 1
| #define HAVE_DLFCN_H 1
| #define LT_OBJDIR ".libs/"
| /* end confdefs.h.  */
| #include <ac_nonexistent.h>
configure:13646: result: g++ -E
configure:13660: g++ -E  conftest.cpp
configure:13660: $? = 0
configure:13675: g++ -E  conftest.cpp
conftest.cpp:23:10: fatal error: ac_nonexistent.h: No such file or directory
   23 | #include <ac_nonexistent.h>
      |          ^~~~~~~~~~~~~~~~~~
compilation terminated.
configure:13675: $? = 1
configure: failed program was:
| /* confdefs.h */
| #define PACKAGE_NAME "CoreNetLib"
| #define PACKAGE_TARNAME "corenetlib"
| #define PACKAGE_VERSION "1.0"
| #define PACKAGE_STRING "CoreNetLib 1.0"
| #define PACKAGE_BUGREPORT "veeraputhiran_thangavel@comcast.com"
| #define PACKAGE_URL ""
| #define PACKAGE "corenetlib"
| #define VERSION "1.0"
| #define HAVE_STDIO_H 1
| #define HAVE_STDLIB_H 1
| #define HAVE_STRING_H 1
| #define HAVE_INTTYPES_H 1
| #define HAVE_STDINT_H 1
| #define HAVE_STRINGS_H 1
| #define HAVE_SYS_STAT_H 1
| #define HAVE_SYS_TYPES_H 1
| #define HAVE_UNISTD_H 1
| #define STDC_HEADERS 1
| #define HAVE_DLFCN_H 1
| #define LT_OBJDIR ".libs/"
| /* end confdefs.h.  */
| #include <ac_nonexistent.h>
configure:13840: checking for ld used by g++
configure:13908: result: /usr/bin/ld -m elf_x86_64
configure:13915: checking if the linker (/usr/bin/ld -m elf_x86_64) is GNU ld
configure:13931: result: yes
configure:13986: checking whether the g++ linker (/usr/bin/ld -m elf_x86_64) supports shared libraries
configure:15064: result: yes
configure:15100: g++ -c -g -O2  conftest.cpp >&5
configure:15103: $? = 0
configure:15584: checking for g++ option to produce PIC
configure:15592: result: -fPIC -DPIC
configure:15600: checking if g++ PIC flag -fPIC -DPIC works
configure:15619: g++ -c -g -O2  -fPIC -DPIC -DPIC conftest.cpp >&5
configure:15623: $? = 0
configure:15636: result: yes
configure:15659: checking if g++ static flag -static works
configure:15688: result: yes
configure:15700: checking if g++ supports -c -o file.o
configure:15722: g++ -c -g -O2  -o out/conftest2.o conftest.cpp >&5
configure:15726: $? = 0
configure:15748: result: yes
configure:15753: checking if g++ supports -c -o file.o
configure:15801: result: yes
configure:15831: checking whether the g++ linker (/usr/bin/ld -m elf_x86_64) supports shared libraries
configure:15874: result: yes
configure:16016: checking dynamic linker characteristics
configure:16776: result: GNU/Linux ld.so
configure:16841: checking how to hardcode library paths into programs
configure:16866: result: immediate
configure:16907: checking whether make sets $(MAKE)
configure:16930: result: yes
configure:16941: checking for stdlib.h
configure:16941: result: yes
configure:16947: checking for unistd.h
configure:16947: result: yes
configure:17098: checking that generated files are newer than configure
configure:17104: result: done
configure:17139: creating ./config.status

## ---------------------- ##
## Running config.status. ##
## ---------------------- ##

This file was extended by CoreNetLib config.status 1.0, which was
generated by GNU Autoconf 2.71.  Invocation command line was

  CONFIG_FILES    = 
  CONFIG_HEADERS  = 
  CONFIG_LINKS    = 
  CONFIG_COMMANDS = 
  $ ./config.status 

on runnervmf2e7y

config.status:1074: creating Makefile
config.status:1074: creating source/Makefile
config.status:1246: executing depfiles commands
config.status:1323: cd source       && sed -e '/# am--include-marker/d' Makefile         | make -f - am--depfiles
config.status:1328: $? = 0
config.status:1246: executing libtool commands

## ---------------- ##
## Cache variables. ##
## ---------------- ##

ac_cv_build=x86_64-pc-linux-gnu
ac_cv_c_compiler_gnu=yes
ac_cv_cxx_compiler_gnu=yes
ac_cv_env_CCC_set=
ac_cv_env_CCC_value=
ac_cv_env_CC_set=
ac_cv_env_CC_value=
ac_cv_env_CFLAGS_set=
ac_cv_env_CFLAGS_value=
ac_cv_env_CPPFLAGS_set=
ac_cv_env_CPPFLAGS_value=
ac_cv_env_CXXCPP_set=
ac_cv_env_CXXCPP_value=
ac_cv_env_CXXFLAGS_set=
ac_cv_env_CXXFLAGS_value=
ac_cv_env_CXX_set=
ac_cv_env_CXX_value=
ac_cv_env_LDFLAGS_set=
ac_cv_env_LDFLAGS_value=
ac_cv_env_LIBS_set=
ac_cv_env_LIBS_value=
ac_cv_env_LT_SYS_LIBRARY_PATH_set=
ac_cv_env_LT_SYS_LIBRARY_PATH_value=
ac_cv_env_build_alias_set=
ac_cv_env_build_alias_value=
ac_cv_env_host_alias_set=
ac_cv_env_host_alias_value=
ac_cv_env_target_alias_set=
ac_cv_env_target_alias_value=
ac_cv_header_dlfcn_h=yes
ac_cv_header_inttypes_h=yes
ac_cv_header_stdint_h=yes
ac_cv_header_stdio_h=yes
ac_cv_header_stdlib_h=yes
ac_cv_header_string_h=yes
ac_cv_header_strings_h=yes
ac_cv_header_sys_stat_h=yes
ac_cv_header_sys_types_h=yes
ac_cv_header_unistd_h=yes
ac_cv_host=x86_64-pc-linux-gnu
ac_cv_objext=o
ac_cv_path_EGREP='/usr/bin/grep -E'
ac_cv_path_FGREP='/usr/bin/grep -F'
ac_cv_path_GREP=/usr/bin/grep
ac_cv_path_SED=/usr/bin/sed
ac_cv_path_install='/usr/bin/install -c'
ac_cv_path_lt_DD=/usr/bin/dd
ac_cv_path_mkdir=/usr/bin/mkdir
ac_cv_prog_AWK=gawk
ac_cv_prog_CXXCPP='g++ -E'
ac_cv_prog_ac_ct_AR=ar
ac_cv_prog_ac_ct_CC=gcc
ac_cv_prog_ac_ct_CXX=g++
ac_cv_prog_ac_ct_FILECMD=file
ac_cv_prog_ac_ct_MANIFEST_TOOL=mt
ac_cv_prog_ac_ct_OBJDUMP=objdump
ac_cv_prog_ac_ct_RANLIB=ranlib
ac_cv_prog_ac_ct_STRIP=strip
ac_cv_prog_cc_c11=
ac_cv_prog_cc_g=yes
ac_cv_prog_cc_stdc=
ac_cv_prog_cxx_cxx11=
ac_cv_prog_cxx_g=yes
ac_cv_prog_cxx_stdcxx=
ac_cv_prog_make_make_set=yes
am_cv_CC_dependencies_compiler_type=gcc3
am_cv_CXX_dependencies_compiler_type=gcc3
am_cv_make_support_nested_variables=yes
am_cv_prog_cc_c_o=yes
lt_cv_ar_at_file=@
lt_cv_archive_cmds_need_lc=no
lt_cv_deplibs_check_method=pass_all
lt_cv_file_magic_cmd='$MAGIC_CMD'
lt_cv_file_magic_test_file=
lt_cv_ld_reload_flag=-r
lt_cv_nm_interface='BSD nm'
lt_cv_objdir=.libs
lt_cv_path_LD=/usr/bin/ld
lt_cv_path_LDCXX='/usr/bin/ld -m elf_x86_64'
lt_cv_path_NM='/usr/bin/nm -B'
lt_cv_path_mainfest_tool=no
lt_cv_prog_compiler_c_o=yes
lt_cv_prog_compiler_c_o_CXX=yes
lt_cv_prog_compiler_pic='-fPIC -DPIC'
lt_cv_prog_compiler_pic_CXX='-fPIC -DPIC'
lt_cv_prog_compiler_pic_works=yes
lt_cv_prog_compiler_pic_works_CXX=yes
lt_cv_prog_compiler_rtti_exceptions=no
lt_cv_prog_compiler_static_works=yes
lt_cv_prog_compiler_static_works_CXX=yes
lt_cv_prog_gnu_ld=yes
lt_cv_prog_gnu_ldcxx=yes
lt_cv_sharedlib_from_linklib_cmd='printf %s\n'
lt_cv_shlibpath_overrides_runpath=yes
lt_cv_sys_global_symbol_pipe='/usr/bin/sed -n -e '\''s/^.*[	 ]\([ABCDGIRSTW][ABCDGIRSTW]*\)[	 ][	 ]*\([_A-Za-z][_A-Za-z0-9]*\)$/\1 \2 \2/p'\'' | /usr/bin/sed '\''/ __gnu_lto/d'\'''
lt_cv_sys_global_symbol_to_c_name_address='/usr/bin/sed -n -e '\''s/^: \(.*\) .*$/  {"\1", (void *) 0},/p'\'' -e '\''s/^[ABCDGIRSTW][ABCDGIRSTW]* .* \(.*\)$/  {"\1", (void *) \&\1},/p'\'''
lt_cv_sys_global_symbol_to_c_name_address_lib_prefix='/usr/bin/sed -n -e '\''s/^: \(.*\) .*$/  {"\1", (void *) 0},/p'\'' -e '\''s/^[ABCDGIRSTW][ABCDGIRSTW]* .* \(lib.*\)$/  {"\1", (void *) \&\1},/p'\'' -e '\''s/^[ABCDGIRSTW][ABCDGIRSTW]* .* \(.*\)$/  {"lib\1", (void *) \&\1},/p'\'''
lt_cv_sys_global_symbol_to_cdecl='/usr/bin/sed -n -e '\''s/^T .* \(.*\)$/extern int \1();/p'\'' -e '\''s/^[ABCDGIRSTW][ABCDGIRSTW]* .* \(.*\)$/extern char \1;/p'\'''
lt_cv_sys_global_symbol_to_import=
lt_cv_sys_max_cmd_len=3145728
lt_cv_to_host_file_cmd=func_convert_file_noop
lt_cv_to_tool_file_cmd=func_convert_file_noop
lt_cv_truncate_bin='/usr/bin/dd bs=4096 count=1'

## ----------------- ##
## Output variables. ##
## ----------------- ##

ACLOCAL='${SHELL} '\''/home/runner/work/core-net-library/core-net-library/cfg/missing'\'' aclocal-1.16'
AMDEPBACKSLASH='\'
AMDEP_FALSE='#'
AMDEP_TRUE=''
AMTAR='$${TAR-tar}'
AM_BACKSLASH='\'
AM_DEFAULT_V='$(AM_DEFAULT_VERBOSITY)'
AM_DEFAULT_VERBOSITY='0'
AM_V='$(V)'
AR='ar'
AUTOCONF='${SHELL} '\''/home/runner/work/core-net-library/core-net-library/cfg/missing'\'' autoconf'
AUTOHEADER='${SHELL} '\''/home/runner/work/core-net-library/core-net-library/cfg/missing'\'' autoheader'
AUTOMAKE='${SHELL} '\''/home/runner/work/core-net-library/core-net-library/cfg/missing'\'' automake-1.16'
AWK='gawk'
CC='gcc'
CCDEPMODE='depmode=gcc3'
CFLAGS='-g -O2'
CPPFLAGS=''
CSCOPE='cscope'
CTAGS='ctags'
CXX='g++'
CXXCPP='g++ -E'
CXXDEPMODE='depmode=gcc3'
CXXFLAGS='-g -O2'
CYGPATH_W='echo'
DEFS='-DPACKAGE_NAME=\"CoreNetLib\" -DPACKAGE_TARNAME=\"corenetlib\" -DPACKAGE_VERSION=\"1.0\" -DPACKAGE_STRING=\"CoreNetLib\ 1.0\" -DPACKAGE_BUGREPORT=\"veeraputhiran_thangavel@comcast.com\" -DPACKAGE_URL=\"\" -DPACKAGE=\"corenetlib\" -DVERSION=\"1.0\" -DHAVE_STDIO_H=1 -DHAVE_STDLIB_H=1 -DHAVE_STRING_H=1 -DHAVE_INTTYPES_H=1 -DHAVE_STDINT_H=1 -DHAVE_STRINGS_H=1 -DHAVE_SYS_STAT_H=1 -DHAVE_SYS_TYPES_H=1 -DHAVE_UNISTD_H=1 -DSTDC_HEADERS=1 -DHAVE_DLFCN_H=1 -DLT_OBJDIR=\".libs/\" -DHAVE_STDLIB_H=1 -DHAVE_UNISTD_H=1'
DEPDIR='.deps'
DLLTOOL='false'
DSYMUTIL=''
DUMPBIN=''
ECHO_C=''
ECHO_N='-n'
ECHO_T=''
EGREP='/usr/bin/grep -E'
ETAGS='etags'
EXEEXT=''
FGREP='/usr/bin/grep -F'
FILECMD='file'
GREP='/usr/bin/grep'
GTEST_ENABLE_FLAG=''
INSTALL_DATA='${INSTALL} -m 644'
INSTALL_PROGRAM='${INSTALL}'
INSTALL_SCRIPT='${INSTALL}'
INSTALL_STRIP_PROGRAM='$(install_sh) -c -s'
LD='/usr/bin/ld -m elf_x86_64'
LDFLAGS=''
LIBOBJS=''
LIBS=''
LIBTOOL='$(SHELL) $(top_builddir)/libtool'
LIPO=''
LN_S='ln -s'
LTLIBOBJS=''
LT_SYS_LIBRARY_PATH=''
MAKEINFO='${SHELL} '\''/home/runner/work/core-net-library/core-net-library/cfg/missing'\'' makeinfo'
MANIFEST_TOOL=':'
MKDIR_P='/usr/bin/mkdir -p'
NM='/usr/bin/nm -B'
NMEDIT=''
OBJDUMP='objdump'
OBJEXT='o'
OTOOL64=''
OTOOL=''
PACKAGE='corenetlib'
PACKAGE_BUGREPORT='veeraputhiran_thangavel@comcast.com'
PACKAGE_NAME='CoreNetLib'
PACKAGE_STRING='CoreNetLib 1.0'
PACKAGE_TARNAME='corenetlib'
PACKAGE_URL=''
PACKAGE_VERSION='1.0'
PATH_SEPARATOR=':'
RANLIB='ranlib'
SED='/usr/bin/sed'
SET_MAKE=''
SHELL='/bin/bash'
STRIP='strip'
VERSION='1.0'
WITH_GTEST_SUPPORT_FALSE=''
WITH_GTEST_SUPPORT_TRUE='#'
ac_ct_AR='ar'
ac_ct_CC='gcc'
ac_ct_CXX='g++'
ac_ct_DUMPBIN=''
am__EXEEXT_FALSE=''
am__EXEEXT_TRUE='#'
am__fastdepCC_FALSE='#'
am__fastdepCC_TRUE=''
am__fastdepCXX_FALSE='#'
am__fastdepCXX_TRUE=''
am__include='include'
am__isrc=''
am__leading_dot='.'
am__nodep='_no'
am__quote=''
am__tar='$${TAR-tar} chof - "$$tardir"'
am__untar='$${TAR-tar} xf -'
bindir='${exec_prefix}/bin'
build='x86_64-pc-linux-gnu'
build_alias=''
build_cpu='x86_64'
build_os='linux-gnu'
build_vendor='pc'
datadir='${datarootdir}'
datarootdir='${prefix}/share'
docdir='${datarootdir}/doc/${PACKAGE_TARNAME}'
dvidir='${docdir}'
exec_prefix='${prefix}'
host='x86_64-pc-linux-gnu'
host_alias=''
host_cpu='x86_64'
host_os='linux-gnu'
host_vendor='pc'
htmldir='${docdir}'
includedir='${prefix}/include'
infodir='${datarootdir}/info'
install_sh='${SHELL} /home/runner/work/core-net-library/core-net-library/cfg/install-sh'
libdir='${exec_prefix}/lib'
libexecdir='${exec_prefix}/libexec'
localedir='${datarootdir}/locale'
localstatedir='${prefix}/var'
mandir='${datarootdir}/man'
mkdir_p='$(MKDIR_P)'
oldincludedir='/usr/include'
pdfdir='${docdir}'
prefix='/usr/local'
program_transform_name='s,x,x,'
psdir='${docdir}'
runstatedir='${localstatedir}/run'
sbindir='${exec_prefix}/sbin'
sharedstatedir='${prefix}/com'
sysconfdir='${prefix}/etc'
target_alias=''

## ----------- ##
## confdefs.h. ##
## ----------- ##

/* confdefs.h */
#define PACKAGE_NAME "CoreNetLib"
#define PACKAGE_TARNAME "corenetlib"
#define PACKAGE_VERSION "1.0"
#define PACKAGE_STRING "CoreNetLib 1.0"
#define PACKAGE_BUGREPORT "veeraputhiran_thangavel@comcast.com"
#define PACKAGE_URL ""
#define PACKAGE "corenetlib"
#define VERSION "1.0"
#define HAVE_STDIO_H 1
#define HAVE_STDLIB_H 1
#define HAVE_STRING_H 1
#define HAVE_INTTYPES_H 1
#define HAVE_STDINT_H 1
#define HAVE_STRINGS_H 1
#define HAVE_SYS_STAT_H 1
#define HAVE_SYS_TYPES_H 1
#define HAVE_UNISTD_H 1
#define STDC_HEADERS 1
#define HAVE_DLFCN_H 1
#define LT_OBJDIR ".libs/"
#define HAVE_STDLIB_H 1
#define HAVE_UNISTD_H 1

configure: exit 0
